#
# A fatal error has been detected by the Java Runtime Environment:
#
#  EXCEPTION_ACCESS_VIOLATION (0xc0000005) at pc=0x00007ffa72d32242, pid=9764, tid=10120
#
# JRE version: Java(TM) SE Runtime Environment (17.0.8+9) (build 17.0.8+9-LTS-211)
# Java VM: Java HotSpot(TM) 64-Bit Server VM (17.0.8+9-LTS-211, mixed mode, sharing, tiered, compressed oops, compressed class ptrs, parallel gc, windows-amd64)
# Problematic frame:
# V  [jvm.dll+0x372242]
#
# No core dump will be written. Minidumps are not enabled by default on client versions of Windows
#
# If you would like to submit a bug report, please visit:
#   https://bugreport.java.com/bugreport/crash.jsp
#

---------------  S U M M A R Y ------------

Command Line: --add-modules=ALL-SYSTEM --add-opens=java.base/java.util=ALL-UNNAMED --add-opens=java.base/java.lang=ALL-UNNAMED --add-opens=java.base/sun.nio.fs=ALL-UNNAMED -Declipse.application=org.eclipse.jdt.ls.core.id1 -Dosgi.bundles.defaultStartLevel=4 -Declipse.product=org.eclipse.jdt.ls.core.product -Djava.import.generatesMetadataFilesAtProjectRoot=false -DDetectVMInstallationsJob.disabled=true -Dfile.encoding=utf8 -XX:+UseParallelGC -XX:GCTimeRatio=4 -XX:AdaptiveSizePolicyWeight=90 -Dsun.zip.disableMemoryMapping=true -Xmx1G -Xms100m -Xlog:disable -javaagent:d:\Tools\windows\VSCode\data\extensions\redhat.java-1.34.0-win32-x64\lombok\lombok-1.18.33.jar -XX:+HeapDumpOnOutOfMemoryError -XX:HeapDumpPath=d:\Tools\windows\VSCode\data\user-data\User\workspaceStorage\9d72912263f0dbc7ac7b23c52daac2f8\redhat.java -Daether.dependencyCollector.impl=bf d:\Tools\windows\VSCode\data\extensions\redhat.java-1.34.0-win32-x64\server\plugins\org.eclipse.equinox.launcher_1.6.900.v20240613-2009.jar -configuration d:\Tools\windows\VSCode\data\user-data\User\globalStorage\redhat.java\1.34.0\config_win -data d:\Tools\windows\VSCode\data\user-data\User\workspaceStorage\9d72912263f0dbc7ac7b23c52daac2f8\redhat.java\jdt_ws --pipe=\\.\pipe\lsp-c32e62047110d318b8cf42e6c3689d83-sock

Host: Intel(R) Core(TM) i5-9400T CPU @ 1.80GHz, 6 cores, 7G,  Windows 10 , 64 bit Build 19041 (10.0.19041.4717)
Time: Thu Sep 26 08:38:13 2024 Mitteleuropäische Sommerzeit elapsed time: 5.149502 seconds (0d 0h 0m 5s)

---------------  T H R E A D  ---------------

Current thread (0x0000026f7f9b1240):  JavaThread "Start Level: Equinox Container: 989adfc3-6fc5-44a8-ad22-807bd774a1ab" daemon [_thread_in_vm, id=10120, stack(0x000000be0d600000,0x000000be0d700000)]

Stack: [0x000000be0d600000,0x000000be0d700000],  sp=0x000000be0d6f65e0,  free space=985k
Native frames: (J=compiled Java code, j=interpreted, Vv=VM code, C=native code)
V  [jvm.dll+0x372242]
V  [jvm.dll+0x373282]
V  [jvm.dll+0x55f86c]
V  [jvm.dll+0x55d382]
V  [jvm.dll+0x55ff4b]
V  [jvm.dll+0x55eeb4]
V  [jvm.dll+0x381871]
V  [jvm.dll+0x380ecf]
C  0x0000026f07549e4c

Java frames: (J=compiled Java code, j=interpreted, Vv=VM code)
j  java.lang.ClassValue.get(Ljava/lang/Class;)Ljava/lang/Object;+7 java.base@17.0.8
j  java.lang.invoke.MethodHandleImpl$ArrayAccessor.<clinit>()V+31 java.base@17.0.8
v  ~StubRoutines::call_stub
j  java.lang.invoke.MethodHandleImpl$ArrayAccess.objectAccessor(Ljava/lang/invoke/MethodHandleImpl$ArrayAccess;)Ljava/lang/invoke/MethodHandle;+36 java.base@17.0.8
j  java.lang.invoke.MethodHandleImpl.makeArrayElementAccessor(Ljava/lang/Class;Ljava/lang/invoke/MethodHandleImpl$ArrayAccess;)Ljava/lang/invoke/MethodHandle;+7 java.base@17.0.8
j  java.lang.invoke.MethodHandles.arrayElementGetter(Ljava/lang/Class;)Ljava/lang/invoke/MethodHandle;+4 java.base@17.0.8
j  java.lang.invoke.LambdaFormEditor.spreadArgumentsForm(ILjava/lang/Class;I)Ljava/lang/invoke/LambdaForm;+269 java.base@17.0.8
j  java.lang.invoke.MethodHandle.asSpreader(ILjava/lang/Class;I)Ljava/lang/invoke/MethodHandle;+34 java.base@17.0.8
j  java.lang.invoke.MethodHandle.asSpreader(Ljava/lang/Class;I)Ljava/lang/invoke/MethodHandle;+12 java.base@17.0.8
j  java.lang.invoke.Invokers.spreadInvoker(I)Ljava/lang/invoke/MethodHandle;+39 java.base@17.0.8
j  java.lang.invoke.MethodHandle.invokeWithArguments([Ljava/lang/Object;)Ljava/lang/Object;+19 java.base@17.0.8
v  ~StubRoutines::call_stub
j  jdk.internal.reflect.NativeMethodAccessorImpl.invoke0(Ljava/lang/reflect/Method;Ljava/lang/Object;[Ljava/lang/Object;)Ljava/lang/Object;+0 java.base@17.0.8
j  jdk.internal.reflect.NativeMethodAccessorImpl.invoke(Ljava/lang/Object;[Ljava/lang/Object;)Ljava/lang/Object;+133 java.base@17.0.8
J 1231 c1 jdk.internal.reflect.DelegatingMethodAccessorImpl.invoke(Ljava/lang/Object;[Ljava/lang/Object;)Ljava/lang/Object; java.base@17.0.8 (10 bytes) @ 0x0000026f0021dfc4 [0x0000026f0021dec0+0x0000000000000104]
J 1230 c1 java.lang.reflect.Method.invoke(Ljava/lang/Object;[Ljava/lang/Object;)Ljava/lang/Object; java.base@17.0.8 (65 bytes) @ 0x0000026f0021d2c4 [0x0000026f0021cf80+0x0000000000000344]
j  org.eclipse.osgi.internal.loader.ModuleClassLoader.overrideLoadResult(Ljava/lang/ClassLoader;Ljava/lang/String;Z)Ljava/lang/Class;+587
J 2128 c1 org.eclipse.osgi.internal.loader.ModuleClassLoader.loadClass(Ljava/lang/String;Z)Ljava/lang/Class; (36 bytes) @ 0x0000026f003e2844 [0x0000026f003e2520+0x0000000000000324]
J 750 c1 java.lang.ClassLoader.loadClass(Ljava/lang/String;)Ljava/lang/Class; java.base@17.0.8 (7 bytes) @ 0x0000026f001391cc [0x0000026f001390c0+0x000000000000010c]
v  ~StubRoutines::call_stub
j  org.eclipse.core.internal.runtime.Product.addLombokNotesToEclipseAboutDialog(Ljava/lang/String;Ljava/lang/String;)Ljava/lang/String;+0
j  org.eclipse.core.internal.runtime.Product.getProperty(Ljava/lang/String;)Ljava/lang/String;+11
j  org.eclipse.core.internal.preferences.legacy.ProductPreferencesService.initValues()V+102
j  org.eclipse.core.internal.preferences.legacy.ProductPreferencesService.getProductCustomization()Ljava/util/Properties;+1
j  org.eclipse.core.internal.preferences.DefaultPreferences.initializeCustomizations()V+44
j  org.eclipse.core.internal.preferences.DefaultPreferences.load()V+26
j  org.eclipse.core.internal.preferences.EclipsePreferences.create(Lorg/eclipse/core/internal/preferences/EclipsePreferences;Ljava/lang/String;Ljava/lang/Object;)Lorg/eclipse/core/runtime/preferences/IEclipsePreferences;+64
j  org.eclipse.core.internal.preferences.EclipsePreferences.internalNode(Ljava/lang/String;ZLjava/lang/Object;)Lorg/eclipse/core/runtime/preferences/IEclipsePreferences;+91
j  org.eclipse.core.internal.preferences.EclipsePreferences.node(Ljava/lang/String;)Lorg/osgi/service/prefs/Preferences;+4
j  org.eclipse.core.internal.preferences.AbstractScope.getNode(Ljava/lang/String;)Lorg/eclipse/core/runtime/preferences/IEclipsePreferences;+28
j  org.eclipse.core.internal.resources.WorkspaceDescription.<init>(Ljava/lang/String;)V+10
j  org.eclipse.core.internal.resources.WorkspacePreferences.<init>()V+3
j  org.eclipse.core.internal.resources.Workspace.open(Lorg/eclipse/core/runtime/IProgressMonitor;)Lorg/eclipse/core/runtime/IStatus;+85
j  org.eclipse.core.resources.ResourcesPlugin$WorkspaceInitCustomizer.addingService(Lorg/osgi/framework/ServiceReference;)Lorg/eclipse/core/internal/resources/Workspace;+45
j  org.eclipse.core.resources.ResourcesPlugin$WorkspaceInitCustomizer.addingService(Lorg/osgi/framework/ServiceReference;)Ljava/lang/Object;+5
j  org.osgi.util.tracker.ServiceTracker$Tracked.customizerAdding(Lorg/osgi/framework/ServiceReference;Lorg/osgi/framework/ServiceEvent;)Ljava/lang/Object;+8
j  org.osgi.util.tracker.ServiceTracker$Tracked.customizerAdding(Ljava/lang/Object;Ljava/lang/Object;)Ljava/lang/Object;+9
j  org.osgi.util.tracker.AbstractTracked.trackAdding(Ljava/lang/Object;Ljava/lang/Object;)V+8
j  org.osgi.util.tracker.AbstractTracked.trackInitial()V+90
j  org.osgi.util.tracker.ServiceTracker.open(Z)V+198
j  org.osgi.util.tracker.ServiceTracker.open()V+2
j  org.eclipse.core.resources.ResourcesPlugin.start(Lorg/osgi/framework/BundleContext;)V+106
j  org.eclipse.osgi.internal.framework.BundleContextImpl$2.run()Ljava/lang/Void;+23
j  org.eclipse.osgi.internal.framework.BundleContextImpl$2.run()Ljava/lang/Object;+1
J 864 c1 java.security.AccessController.executePrivileged(Ljava/security/PrivilegedExceptionAction;Ljava/security/AccessControlContext;Ljava/lang/Class;)Ljava/lang/Object; java.base@17.0.8 (65 bytes) @ 0x0000026f0016c0bc [0x0000026f0016bf60+0x000000000000015c]
j  java.security.AccessController.doPrivileged(Ljava/security/PrivilegedExceptionAction;)Ljava/lang/Object;+9 java.base@17.0.8
j  org.eclipse.osgi.internal.framework.BundleContextImpl.startActivator(Lorg/osgi/framework/BundleActivator;)V+9
j  org.eclipse.osgi.internal.framework.BundleContextImpl.start()V+134
j  org.eclipse.osgi.internal.framework.EquinoxBundle.startWorker0()V+35
j  org.eclipse.osgi.internal.framework.EquinoxBundle$EquinoxModule.startWorker()V+4
j  org.eclipse.osgi.container.Module.doStart([Lorg/eclipse/osgi/container/Module$StartOptions;)Lorg/eclipse/osgi/container/ModuleContainerAdaptor$ModuleEvent;+190
j  org.eclipse.osgi.container.Module.start([Lorg/eclipse/osgi/container/Module$StartOptions;)V+460
j  org.eclipse.osgi.framework.util.SecureAction.start(Lorg/eclipse/osgi/container/Module;[Lorg/eclipse/osgi/container/Module$StartOptions;)V+8
J 2168 c1 org.eclipse.osgi.internal.hooks.EclipseLazyStarter.postFindLocalClass(Ljava/lang/String;Ljava/lang/Class;Lorg/eclipse/osgi/internal/loader/classpath/ClasspathManager;)V (394 bytes) @ 0x0000026f0040116c [0x0000026f00400160+0x000000000000100c]
J 2569 c1 org.eclipse.osgi.internal.loader.classpath.ClasspathManager.findLocalClass(Ljava/lang/String;)Ljava/lang/Class; (210 bytes) @ 0x0000026f00511e0c [0x0000026f00510da0+0x000000000000106c]
J 2166 c1 org.eclipse.osgi.internal.loader.BundleLoader.findLocalClass(Ljava/lang/String;)Ljava/lang/Class; (152 bytes) @ 0x0000026f003fe10c [0x0000026f003fd8a0+0x000000000000086c]
J 2160 c1 org.eclipse.osgi.internal.loader.BundleLoader.findClass0(Ljava/lang/String;ZZ)Ljava/lang/Class; (470 bytes) @ 0x0000026f003f46c4 [0x0000026f003f1f20+0x00000000000027a4]
J 2056 c1 org.eclipse.osgi.internal.loader.BundleLoader.findClass(Ljava/lang/String;)Ljava/lang/Class; (8 bytes) @ 0x0000026f003ba69c [0x0000026f003ba620+0x000000000000007c]
J 2128 c1 org.eclipse.osgi.internal.loader.ModuleClassLoader.loadClass(Ljava/lang/String;Z)Ljava/lang/Class; (36 bytes) @ 0x0000026f003e2744 [0x0000026f003e2520+0x0000000000000224]
J 750 c1 java.lang.ClassLoader.loadClass(Ljava/lang/String;)Ljava/lang/Class; java.base@17.0.8 (7 bytes) @ 0x0000026f001391cc [0x0000026f001390c0+0x000000000000010c]
v  ~StubRoutines::call_stub
j  java.lang.Class.getDeclaredConstructors0(Z)[Ljava/lang/reflect/Constructor;+0 java.base@17.0.8
j  java.lang.Class.privateGetDeclaredConstructors(Z)[Ljava/lang/reflect/Constructor;+52 java.base@17.0.8
j  java.lang.Class.getConstructor0([Ljava/lang/Class;I)Ljava/lang/reflect/Constructor;+14 java.base@17.0.8
j  java.lang.Class.getConstructor([Ljava/lang/Class;)Ljava/lang/reflect/Constructor;+24 java.base@17.0.8
j  org.eclipse.osgi.internal.framework.BundleContextImpl.loadBundleActivator()Lorg/osgi/framework/BundleActivator;+105
j  org.eclipse.osgi.internal.framework.BundleContextImpl.start()V+18
j  org.eclipse.osgi.internal.framework.EquinoxBundle.startWorker0()V+35
j  org.eclipse.osgi.internal.framework.EquinoxBundle$EquinoxModule.startWorker()V+4
j  org.eclipse.osgi.container.Module.doStart([Lorg/eclipse/osgi/container/Module$StartOptions;)Lorg/eclipse/osgi/container/ModuleContainerAdaptor$ModuleEvent;+190
j  org.eclipse.osgi.container.Module.start([Lorg/eclipse/osgi/container/Module$StartOptions;)V+460
j  org.eclipse.osgi.container.ModuleContainer$ContainerStartLevel$2.run()V+71
j  org.eclipse.osgi.internal.framework.EquinoxContainerAdaptor$1$1.execute(Ljava/lang/Runnable;)V+1
j  org.eclipse.osgi.container.ModuleContainer$ContainerStartLevel.incStartLevel(ILjava/util/List;Z)V+193
j  org.eclipse.osgi.container.ModuleContainer$ContainerStartLevel.incStartLevel(ILjava/util/List;Ljava/util/List;Ljava/util/List;Ljava/util/List;)V+19
j  org.eclipse.osgi.container.ModuleContainer$ContainerStartLevel.doContainerStartLevel(Lorg/eclipse/osgi/container/Module;I[Lorg/osgi/framework/FrameworkListener;)V+349
j  org.eclipse.osgi.container.ModuleContainer$ContainerStartLevel.dispatchEvent(Lorg/eclipse/osgi/container/Module;[Lorg/osgi/framework/FrameworkListener;ILjava/lang/Integer;)V+32
j  org.eclipse.osgi.container.ModuleContainer$ContainerStartLevel.dispatchEvent(Ljava/lang/Object;Ljava/lang/Object;ILjava/lang/Object;)V+15
j  org.eclipse.osgi.framework.eventmgr.EventManager.dispatchEvent(Ljava/util/Set;Lorg/eclipse/osgi/framework/eventmgr/EventDispatcher;ILjava/lang/Object;)V+48
j  org.eclipse.osgi.framework.eventmgr.EventManager$EventThread.run()V+26
v  ~StubRoutines::call_stub

siginfo: EXCEPTION_ACCESS_VIOLATION (0xc0000005), reading address 0xffffffffffffffff


Register to memory mapping:

RIP=0x00007ffa72d32242 jvm.dll
RAX=0x000000000000000a is an unknown value
RBX=0x0000026f0f9cf010 is pointing into metadata
RCX=0x1020026f0f9d0030 is an unknown value
RDX=0x0000026f0f34e8b8 is pointing into metadata
RSP=0x000000be0d6f65e0 is pointing into the stack for thread: 0x0000026f7f9b1240
RBP=0x0000026f0f9cf010 is pointing into metadata
RSI=0x0 is NULL
RDI=0x0000000000000001 is an unknown value
R8 =0x0000000000000015 is an unknown value
R9 =0x0 is NULL
R10=0x0000026f0f55c6f8 is pointing into metadata
R11=0x0 is NULL
R12=0x0000026f0f55c710 is pointing into metadata
R13=0x0000026f0f12c5b0 is a pointer to class: 
java.lang.ClassValue$ClassValueMap {0x0000026f0f12c5b8}
 - instance size:     8
 - klass size:        125
 - access:            synchronized 
 - state:             loaded
 - name:              'java/lang/ClassValue$ClassValueMap'
 - super:             'java/util/WeakHashMap'
 - sub:               
 - arrays:            NULL
 - methods:           Array<T>(0x0000026f0f9cf010)
 - method ordering:   Array<T>(0x0000026f0f9cef60)
 - default_methods:   Array<T>(0x0000026f0f9cefc0)
 - default vtable indices:   Array<T>(0x0000026f0f9cef38)
 - local interfaces:  Array<T>(0x0000026f0f5d19b0)
 - trans. interfaces: Array<T>(0x0000026f0f71e800)
 - constants:         constant pool [248] {0x0000026f0f9cf120} for 'java/lang/ClassValue$ClassValueMap' cache=0x0000026f0f34e028
 - class loader data:  loader data: 0x0000026f6fad9ff0 of 'bootstrap'
 - source file:       'ClassValue.java'
 - class annotations:       Array<T>(0x0000000000000000)
 - class type annotations:  Array<T>(0x0000000000000000)
 - field annotations:       Array<T>(0x0000000000000000)
 - field type annotations:  Array<T>(0x0000000000000000)
 - generic signature: 'Ljava/util/WeakHashMap<Ljava/lang/ClassValue$Identity;Ljava/lang/ClassValue$Entry<*>;>;'
 - inner classes:     Array<T>(0x0000026f0f9d0958)
 - nest members:     Array<T>(0x0000026f0f5d1940)
 - permitted subclasses:     Array<T>(0x0000026f0f5d1940)
 - java mirror:       a 'java/lang/Class'{0x00000000eaf98ed0} = 'java/lang/ClassValue$ClassValueMap'
 - vtable length      36  (start addr: 0x0000026f0f12c778)
 - itable length      29 (start addr: 0x0000026f0f12c898)
 - ---- static fields (2 words):
 - private static final 'INITIAL_ENTRIES' 'I' @112 
 - private static final 'CACHE_LOAD_LIMIT' 'I' @116 
 - private static final 'PROBE_LIMIT' 'I' @120 
 - static final synthetic '$assertionsDisabled' 'Z' @124 
 - ---- non-static fields (12 words):
 - transient 'keySet' 'Ljava/util/Set;' @12 
 - transient 'values' 'Ljava/util/Collection;' @16 
 - private 'size' 'I' @20 
 - private 'threshold' 'I' @24 
 - private final 'loadFactor' 'F' @28 
 - 'modCount' 'I' @32 
 - 'table' '[Ljava/util/WeakHashMap$Entry;' @36 
 - private final 'queue' 'Ljava/lang/ref/ReferenceQueue;' @40 
 - private transient 'entrySet' 'Ljava/util/Set;' @44 
 - private 'cacheLoad' 'I' @48 
 - private 'cacheLoadLimit' 'I' @52 
 - private 'cacheArray' '[Ljava/lang/ClassValue$Entry;' @56 
 - non-static oop maps: 12-16 36-44 56-56 
R14=0x0000026f0f55c6f8 is pointing into metadata
R15=0x0000026f0f55c710 is pointing into metadata


Registers:
RAX=0x000000000000000a, RBX=0x0000026f0f9cf010, RCX=0x1020026f0f9d0030, RDX=0x0000026f0f34e8b8
RSP=0x000000be0d6f65e0, RBP=0x0000026f0f9cf010, RSI=0x0000000000000000, RDI=0x0000000000000001
R8 =0x0000000000000015, R9 =0x0000000000000000, R10=0x0000026f0f55c6f8, R11=0x0000000000000000
R12=0x0000026f0f55c710, R13=0x0000026f0f12c5b0, R14=0x0000026f0f55c6f8, R15=0x0000026f0f55c710
RIP=0x00007ffa72d32242, EFLAGS=0x0000000000010207

Top of Stack: (sp=0x000000be0d6f65e0)
0x000000be0d6f65e0:   0000000000000000 00007ffa72d33282
0x000000be0d6f65f0:   0000026f6fac8ba0 0000026f0f462fb0
0x000000be0d6f6600:   0000026f501d8930 00007ffac2d347b1
0x000000be0d6f6610:   0000026f0f12c5b0 000000be0d6f6998
0x000000be0d6f6620:   0000026f0fa96e67 00007ffa72f1f86c
0x000000be0d6f6630:   0000000000000000 000000be0d6f6730
0x000000be0d6f6640:   0000026f7f9b1240 0000026f0f55c6f8
0x000000be0d6f6650:   0000026f00000000 0000026f6fad9ff0
0x000000be0d6f6660:   0000000000000000 000000be0d6f66f0
0x000000be0d6f6670:   0000026f6fac8ba0 00007ffa7311c67e
0x000000be0d6f6680:   0000026f501d8930 0000000000000000
0x000000be0d6f6690:   0000000000000000 0000000050df691e
0x000000be0d6f66a0:   0000026f501d8930 00007ffa730600b3
0x000000be0d6f66b0:   0000026f501d8930 00007ffa00000000
0x000000be0d6f66c0:   0000026f7f9b1240 0000000000000000
0x000000be0d6f66d0:   0000026f7f9b1240 0000026f0f462fb0 

Instructions: (pc=0x00007ffa72d32242)
0x00007ffa72d32142:   0f 00 00 4c 8d 05 94 66 59 00 48 8d 0d ed 57 59
0x00007ffa72d32152:   00 e8 d8 39 ed ff e8 c3 56 30 00 c6 05 1d 57 79
0x00007ffa72d32162:   00 01 4c 8b f3 48 8b 9b 78 01 00 00 41 ff c4 48
0x00007ffa72d32172:   85 db 0f 85 06 ff ff ff 48 8b bc 24 88 00 00 00
0x00007ffa72d32182:   48 8b ac 24 90 00 00 00 48 83 3d fe 5a 79 00 00
0x00007ffa72d32192:   4c 8b 6c 24 40 48 8b 5c 24 68 74 12 44 8b c6 48
0x00007ffa72d321a2:   8d 0d 68 66 59 00 41 8b d4 e8 e0 5b ff ff 48 83
0x00007ffa72d321b2:   3f 00 4c 8b 64 24 48 48 8b 74 24 58 74 18 48 8b
0x00007ffa72d321c2:   94 24 98 00 00 00 49 8b cf e8 00 91 d3 ff 48 8b
0x00007ffa72d321d2:   cf e8 68 90 d3 ff 48 8b 44 24 20 49 89 7f 10 48
0x00007ffa72d321e2:   8b 7c 24 50 49 89 6f 18 48 8b 6c 24 60 49 89 47
0x00007ffa72d321f2:   20 4c 8b 7c 24 38 48 83 c4 70 41 5e c3 cc 40 53
0x00007ffa72d32202:   80 3d 77 56 79 00 00 4c 8b d2 48 8b d9 74 06 5b
0x00007ffa72d32212:   e9 79 c4 ff ff 44 8b 01 45 33 c9 41 83 e8 01 78
0x00007ffa72d32222:   3f 0f 1f 40 00 66 0f 1f 84 00 00 00 00 00 43 8d
0x00007ffa72d32232:   04 08 d1 f8 48 63 c8 48 8b 54 cb 08 48 8b 4a 08
0x00007ffa72d32242:   0f b7 51 22 48 8b 49 08 4c 39 54 d1 48 73 06 44
0x00007ffa72d32252:   8d 48 01 eb 06 74 0e 44 8d 40 ff 45 3b c8 7e ce
0x00007ffa72d32262:   b8 ff ff ff ff 5b c3 cc cc cc cc cc cc cc 4c 8b
0x00007ffa72d32272:   dc 53 57 48 81 ec e8 00 00 00 48 8b 05 bd ce 75
0x00007ffa72d32282:   00 48 33 c4 48 89 84 24 d0 00 00 00 49 89 6b 18
0x00007ffa72d32292:   33 ff 4d 89 73 e8 48 8b ea 4c 8b f1 48 85 c9 75
0x00007ffa72d322a2:   04 8b df eb 5b 48 89 b4 24 18 01 00 00 48 8b b2
0x00007ffa72d322b2:   38 02 00 00 48 83 7e 18 f7 76 14 4c 8d 05 d4 97
0x00007ffa72d322c2:   54 00 ba 08 00 00 00 48 8b ce e8 7f 90 d3 ff 48
0x00007ffa72d322d2:   8b 5e 18 48 8d 43 08 48 3b 46 20 76 14 45 33 c0
0x00007ffa72d322e2:   48 8b ce 41 8d 50 08 e8 e2 8c d3 ff 48 8b d8 eb
0x00007ffa72d322f2:   04 48 89 46 18 48 8b b4 24 18 01 00 00 4c 89 33
0x00007ffa72d32302:   48 8b 0d bf b3 7c 00 48 8d 44 24 58 48 89 84 24
0x00007ffa72d32312:   a8 00 00 00 48 8d 84 24 99 00 00 00 48 89 84 24
0x00007ffa72d32322:   b0 00 00 00 c7 44 24 38 0e 00 00 00 48 89 bc 24
0x00007ffa72d32332:   c8 00 00 00 c7 84 24 bc 00 00 00 08 00 00 00 40 


Stack slot to memory mapping:
stack at sp + 0 slots: 0x0 is NULL
stack at sp + 1 slots: 0x00007ffa72d33282 jvm.dll
stack at sp + 2 slots: 0x0000026f6fac8ba0 points into unknown readable memory: 0x00000000000003f1 | f1 03 00 00 00 00 00 00
stack at sp + 3 slots: 0x0000026f0f462fb0 is pointing into metadata
stack at sp + 4 slots: 0x0000026f501d8930 points into unknown readable memory: 0x005c003f003f005c | 5c 00 3f 00 3f 00 5c 00
stack at sp + 5 slots: 0x00007ffac2d347b1 ntdll.dll
stack at sp + 6 slots: 0x0000026f0f12c5b0 is a pointer to class: 
java.lang.ClassValue$ClassValueMap {0x0000026f0f12c5b8}
 - instance size:     8
 - klass size:        125
 - access:            synchronized 
 - state:             loaded
 - name:              'java/lang/ClassValue$ClassValueMap'
 - super:             'java/util/WeakHashMap'
 - sub:               
 - arrays:            NULL
 - methods:           Array<T>(0x0000026f0f9cf010)
 - method ordering:   Array<T>(0x0000026f0f9cef60)
 - default_methods:   Array<T>(0x0000026f0f9cefc0)
 - default vtable indices:   Array<T>(0x0000026f0f9cef38)
 - local interfaces:  Array<T>(0x0000026f0f5d19b0)
 - trans. interfaces: Array<T>(0x0000026f0f71e800)
 - constants:         constant pool [248] {0x0000026f0f9cf120} for 'java/lang/ClassValue$ClassValueMap' cache=0x0000026f0f34e028
 - class loader data:  loader data: 0x0000026f6fad9ff0 of 'bootstrap'
 - source file:       'ClassValue.java'
 - class annotations:       Array<T>(0x0000000000000000)
 - class type annotations:  Array<T>(0x0000000000000000)
 - field annotations:       Array<T>(0x0000000000000000)
 - field type annotations:  Array<T>(0x0000000000000000)
 - generic signature: 'Ljava/util/WeakHashMap<Ljava/lang/ClassValue$Identity;Ljava/lang/ClassValue$Entry<*>;>;'
 - inner classes:     Array<T>(0x0000026f0f9d0958)
 - nest members:     Array<T>(0x0000026f0f5d1940)
 - permitted subclasses:     Array<T>(0x0000026f0f5d1940)
 - java mirror:       a 'java/lang/Class'{0x00000000eaf98ed0} = 'java/lang/ClassValue$ClassValueMap'
 - vtable length      36  (start addr: 0x0000026f0f12c778)
 - itable length      29 (start addr: 0x0000026f0f12c898)
 - ---- static fields (2 words):
 - private static final 'INITIAL_ENTRIES' 'I' @112 
 - private static final 'CACHE_LOAD_LIMIT' 'I' @116 
 - private static final 'PROBE_LIMIT' 'I' @120 
 - static final synthetic '$assertionsDisabled' 'Z' @124 
 - ---- non-static fields (12 words):
 - transient 'keySet' 'Ljava/util/Set;' @12 
 - transient 'values' 'Ljava/util/Collection;' @16 
 - private 'size' 'I' @20 
 - private 'threshold' 'I' @24 
 - private final 'loadFactor' 'F' @28 
 - 'modCount' 'I' @32 
 - 'table' '[Ljava/util/WeakHashMap$Entry;' @36 
 - private final 'queue' 'Ljava/lang/ref/ReferenceQueue;' @40 
 - private transient 'entrySet' 'Ljava/util/Set;' @44 
 - private 'cacheLoad' 'I' @48 
 - private 'cacheLoadLimit' 'I' @52 
 - private 'cacheArray' '[Ljava/lang/ClassValue$Entry;' @56 
 - non-static oop maps: 12-16 36-44 56-56 
stack at sp + 7 slots: 0x000000be0d6f6998 is pointing into the stack for thread: 0x0000026f7f9b1240


---------------  P R O C E S S  ---------------

Threads class SMR info:
_java_thread_list=0x0000026f7faff290, length=20, elements={
0x0000026f6fab6da0, 0x0000026f6fb72e00, 0x0000026f6fb74410, 0x0000026f794e1630,
0x0000026f794e23b0, 0x0000026f794e39c0, 0x0000026f794e6ee0, 0x0000026f794ec920,
0x0000026f794edb60, 0x0000026f794efc10, 0x0000026f7954e910, 0x0000026f7f1fc940,
0x0000026f7f967a00, 0x0000026f7f9eae50, 0x0000026f7f9b1240, 0x0000026f7fabfb70,
0x0000026f5033cb10, 0x0000026f50320370, 0x0000026f50132760, 0x0000026f501b8ef0
}

Java Threads: ( => current thread )
  0x0000026f6fab6da0 JavaThread "main" [_thread_blocked, id=9784, stack(0x000000be0c000000,0x000000be0c100000)]
  0x0000026f6fb72e00 JavaThread "Reference Handler" daemon [_thread_blocked, id=9944, stack(0x000000be0c300000,0x000000be0c400000)]
  0x0000026f6fb74410 JavaThread "Finalizer" daemon [_thread_blocked, id=9952, stack(0x000000be0c400000,0x000000be0c500000)]
  0x0000026f794e1630 JavaThread "Signal Dispatcher" daemon [_thread_blocked, id=9960, stack(0x000000be0c500000,0x000000be0c600000)]
  0x0000026f794e23b0 JavaThread "Attach Listener" daemon [_thread_blocked, id=9964, stack(0x000000be0c600000,0x000000be0c700000)]
  0x0000026f794e39c0 JavaThread "Service Thread" daemon [_thread_blocked, id=9976, stack(0x000000be0c700000,0x000000be0c800000)]
  0x0000026f794e6ee0 JavaThread "Monitor Deflation Thread" daemon [_thread_blocked, id=9984, stack(0x000000be0c800000,0x000000be0c900000)]
  0x0000026f794ec920 JavaThread "C2 CompilerThread0" daemon [_thread_blocked, id=9992, stack(0x000000be0c900000,0x000000be0ca00000)]
  0x0000026f794edb60 JavaThread "C1 CompilerThread0" daemon [_thread_blocked, id=9996, stack(0x000000be0ca00000,0x000000be0cb00000)]
  0x0000026f794efc10 JavaThread "Sweeper thread" daemon [_thread_blocked, id=10004, stack(0x000000be0cb00000,0x000000be0cc00000)]
  0x0000026f7954e910 JavaThread "Common-Cleaner" daemon [_thread_blocked, id=10016, stack(0x000000be0cc00000,0x000000be0cd00000)]
  0x0000026f7f1fc940 JavaThread "Notification Thread" daemon [_thread_blocked, id=10028, stack(0x000000be0ce00000,0x000000be0cf00000)]
  0x0000026f7f967a00 JavaThread "Active Thread: Equinox Container: 989adfc3-6fc5-44a8-ad22-807bd774a1ab" [_thread_blocked, id=10096, stack(0x000000be0d500000,0x000000be0d600000)]
  0x0000026f7f9eae50 JavaThread "Framework Event Dispatcher: Equinox Container: 989adfc3-6fc5-44a8-ad22-807bd774a1ab" daemon [_thread_blocked, id=10116, stack(0x000000be0cd00000,0x000000be0ce00000)]
=>0x0000026f7f9b1240 JavaThread "Start Level: Equinox Container: 989adfc3-6fc5-44a8-ad22-807bd774a1ab" daemon [_thread_in_vm, id=10120, stack(0x000000be0d600000,0x000000be0d700000)]
  0x0000026f7fabfb70 JavaThread "Bundle File Closer" daemon [_thread_blocked, id=10140, stack(0x000000be0d700000,0x000000be0d800000)]
  0x0000026f5033cb10 JavaThread "SCR Component Actor" daemon [_thread_blocked, id=10144, stack(0x000000be0d800000,0x000000be0d900000)]
  0x0000026f50320370 JavaThread "SCR Component Registry" daemon [_thread_blocked, id=10148, stack(0x000000be0d900000,0x000000be0da00000)]
  0x0000026f50132760 JavaThread "C2 CompilerThread1" daemon [_thread_blocked, id=10152, stack(0x000000be0da00000,0x000000be0db00000)]
  0x0000026f501b8ef0 JavaThread "Worker-JM" [_thread_blocked, id=10156, stack(0x000000be0db00000,0x000000be0dc00000)]

Other Threads:
  0x0000026f6fb6ea60 VMThread "VM Thread" [stack: 0x000000be0c200000,0x000000be0c300000] [id=9936]
  0x0000026f7f203fe0 WatcherThread [stack: 0x000000be0cf00000,0x000000be0d000000] [id=10036]
  0x0000026f6fad1830 GCTaskThread "GC Thread#0" [stack: 0x000000be0c100000,0x000000be0c200000] [id=9852]
  0x0000026f7f79a420 GCTaskThread "GC Thread#1" [stack: 0x000000be0d000000,0x000000be0d100000] [id=10052]
  0x0000026f7f7f5020 GCTaskThread "GC Thread#2" [stack: 0x000000be0d100000,0x000000be0d200000] [id=10064]
  0x0000026f7f7f52d0 GCTaskThread "GC Thread#3" [stack: 0x000000be0d200000,0x000000be0d300000] [id=10068]
  0x0000026f7f7f5580 GCTaskThread "GC Thread#4" [stack: 0x000000be0d300000,0x000000be0d400000] [id=10080]
  0x0000026f7f79aae0 GCTaskThread "GC Thread#5" [stack: 0x000000be0d400000,0x000000be0d500000] [id=10088]

Threads with active compile tasks:

VM state: not at safepoint (normal execution)

VM Mutex/Monitor currently owned by a thread: None

Heap address: 0x00000000c0000000, size: 1024 MB, Compressed Oops mode: 32-bit

CDS archive(s) mapped at: [0x0000026f0f000000-0x0000026f0fbd0000-0x0000026f0fbd0000), size 12386304, SharedBaseAddress: 0x0000026f0f000000, ArchiveRelocationMode: 1.
Compressed class space mapped at: 0x0000026f10000000-0x0000026f50000000, reserved size: 1073741824
Narrow klass base: 0x0000026f0f000000, Narrow klass shift: 0, Narrow klass range: 0x100000000

GC Precious Log:
 CPUs: 6 total, 6 available
 Memory: 7964M
 Large Page Support: Disabled
 NUMA Support: Disabled
 Compressed Oops: Enabled (32-bit)
 Alignments: Space 512K, Generation 512K, Heap 2M
 Heap Min Capacity: 100M
 Heap Initial Capacity: 100M
 Heap Max Capacity: 1G
 Pre-touch: Disabled
 Parallel Workers: 6

Heap:
 PSYoungGen      total 29696K, used 8955K [0x00000000eab00000, 0x00000000ecc00000, 0x0000000100000000)
  eden space 25600K, 19% used [0x00000000eab00000,0x00000000eafc1d80,0x00000000ec400000)
  from space 4096K, 99% used [0x00000000ec800000,0x00000000ecbfcea8,0x00000000ecc00000)
  to   space 4096K, 0% used [0x00000000ec400000,0x00000000ec400000,0x00000000ec800000)
 ParOldGen       total 68608K, used 7059K [0x00000000c0000000, 0x00000000c4300000, 0x00000000eab00000)
  object space 68608K, 10% used [0x00000000c0000000,0x00000000c06e4ed0,0x00000000c4300000)
 Metaspace       used 13930K, committed 14400K, reserved 1114112K
  class space    used 1365K, committed 1536K, reserved 1048576K

Card table byte_map: [0x0000026f6f480000,0x0000026f6f690000] _byte_map_base: 0x0000026f6ee80000

Marking Bits: (ParMarkBitMap*) 0x00007ffa734e0b10
 Begin Bits: [0x0000026f77350000, 0x0000026f78350000)
 End Bits:   [0x0000026f78350000, 0x0000026f79350000)

Polling page: 0x0000026f6d9d0000

Metaspace:

Usage:
  Non-class:     12.27 MB used.
      Class:      1.33 MB used.
       Both:     13.60 MB used.

Virtual space:
  Non-class space:       64.00 MB reserved,      12.56 MB ( 20%) committed,  1 nodes.
      Class space:        1.00 GB reserved,       1.50 MB ( <1%) committed,  1 nodes.
             Both:        1.06 GB reserved,      14.06 MB (  1%) committed. 

Chunk freelists:
   Non-Class:  2.73 MB
       Class:  14.54 MB
        Both:  17.27 MB

MaxMetaspaceSize: unlimited
CompressedClassSpaceSize: 1.00 GB
Initial GC threshold: 21.00 MB
Current GC threshold: 21.00 MB
CDS: on
MetaspaceReclaimPolicy: balanced
 - commit_granule_bytes: 65536.
 - commit_granule_words: 8192.
 - virtual_space_node_default_size: 8388608.
 - enlarge_chunks_in_place: 1.
 - new_chunks_are_fully_committed: 0.
 - uncommit_free_chunks: 1.
 - use_allocation_guard: 0.
 - handle_deallocations: 1.


Internal statistics:

num_allocs_failed_limit: 0.
num_arena_births: 208.
num_arena_deaths: 0.
num_vsnodes_births: 2.
num_vsnodes_deaths: 0.
num_space_committed: 225.
num_space_uncommitted: 0.
num_chunks_returned_to_freelist: 0.
num_chunks_taken_from_freelist: 635.
num_chunk_merges: 0.
num_chunk_splits: 415.
num_chunks_enlarged: 283.
num_purges: 0.
num_inconsistent_stats: 0.

CodeHeap 'non-profiled nmethods': size=120000Kb used=1088Kb max_used=1088Kb free=118911Kb
 bounds [0x0000026f07ad0000, 0x0000026f07d40000, 0x0000026f0f000000]
CodeHeap 'profiled nmethods': size=120000Kb used=5467Kb max_used=5467Kb free=114533Kb
 bounds [0x0000026f00000000, 0x0000026f00560000, 0x0000026f07530000]
CodeHeap 'non-nmethods': size=5760Kb used=1184Kb max_used=1220Kb free=4575Kb
 bounds [0x0000026f07530000, 0x0000026f077a0000, 0x0000026f07ad0000]
 total_blobs=3146 nmethods=2663 adapters=397
 compilation: enabled
              stopped_count=0, restarted_count=0
 full_count=0

Compilation events (20 events):
Event: 5.106 Thread 0x0000026f50132760 2653       4       java.net.URI$Parser::scan (76 bytes)
Event: 5.106 Thread 0x0000026f794edb60 2654       3       java.util.regex.Pattern$CharPredicate$$Lambda$23/0x80000002d::is (11 bytes)
Event: 5.106 Thread 0x0000026f794edb60 nmethod 2654 0x0000026f0054f610 code [0x0000026f0054f7c0, 0x0000026f0054fb28]
Event: 5.106 Thread 0x0000026f794edb60 2655       3       java.util.regex.Pattern$CharPredicate::lambda$negate$3 (16 bytes)
Event: 5.106 Thread 0x0000026f794edb60 nmethod 2655 0x0000026f0054fc10 code [0x0000026f0054fdc0, 0x0000026f0054ffe8]
Event: 5.107 Thread 0x0000026f794edb60 2656       3       java.lang.String::split (7 bytes)
Event: 5.107 Thread 0x0000026f794edb60 nmethod 2656 0x0000026f00550090 code [0x0000026f00550220, 0x0000026f00550368]
Event: 5.107 Thread 0x0000026f794edb60 2658       3       lombok.patcher.PatchScript::classMatches (41 bytes)
Event: 5.107 Thread 0x0000026f794ec920 2659       4       java.lang.ThreadLocal::get (38 bytes)
Event: 5.107 Thread 0x0000026f794edb60 nmethod 2658 0x0000026f00550410 code [0x0000026f00550620, 0x0000026f00550ca8]
Event: 5.107 Thread 0x0000026f794edb60 2657       3       java.lang.String::split (327 bytes)
Event: 5.109 Thread 0x0000026f50132760 nmethod 2653 0x0000026f07bdf490 code [0x0000026f07bdf620, 0x0000026f07bdf8a8]
Event: 5.109 Thread 0x0000026f794ec920 nmethod 2659 0x0000026f07bdfb10 code [0x0000026f07bdfca0, 0x0000026f07bdfdf8]
Event: 5.110 Thread 0x0000026f794edb60 nmethod 2657 0x0000026f00550f10 code [0x0000026f005514c0, 0x0000026f00554898]
Event: 5.110 Thread 0x0000026f794edb60 2662       3       sun.invoke.util.VerifyAccess::isTypeVisible (47 bytes)
Event: 5.110 Thread 0x0000026f794edb60 nmethod 2662 0x0000026f00555b10 code [0x0000026f00555d00, 0x0000026f00556118]
Event: 5.110 Thread 0x0000026f794edb60 2660       3       java.util.WeakHashMap::isEmpty (13 bytes)
Event: 5.110 Thread 0x0000026f794edb60 nmethod 2660 0x0000026f00556310 code [0x0000026f005564c0, 0x0000026f00556728]
Event: 5.110 Thread 0x0000026f794edb60 2661       3       java.util.WeakHashMap::size (18 bytes)
Event: 5.110 Thread 0x0000026f794edb60 nmethod 2661 0x0000026f00556810 code [0x0000026f005569c0, 0x0000026f00556b88]

GC Heap History (8 events):
Event: 1.673 GC heap before
{Heap before GC invocations=1 (full 0):
 PSYoungGen      total 29696K, used 25600K [0x00000000eab00000, 0x00000000ecc00000, 0x0000000100000000)
  eden space 25600K, 100% used [0x00000000eab00000,0x00000000ec400000,0x00000000ec400000)
  from space 4096K, 0% used [0x00000000ec800000,0x00000000ec800000,0x00000000ecc00000)
  to   space 4096K, 0% used [0x00000000ec400000,0x00000000ec400000,0x00000000ec800000)
 ParOldGen       total 68608K, used 0K [0x00000000c0000000, 0x00000000c4300000, 0x00000000eab00000)
  object space 68608K, 0% used [0x00000000c0000000,0x00000000c0000000,0x00000000c4300000)
 Metaspace       used 4769K, committed 4928K, reserved 1114112K
  class space    used 453K, committed 512K, reserved 1048576K
}
Event: 1.680 GC heap after
{Heap after GC invocations=1 (full 0):
 PSYoungGen      total 29696K, used 3156K [0x00000000eab00000, 0x00000000ecc00000, 0x0000000100000000)
  eden space 25600K, 0% used [0x00000000eab00000,0x00000000eab00000,0x00000000ec400000)
  from space 4096K, 77% used [0x00000000ec400000,0x00000000ec7152d0,0x00000000ec800000)
  to   space 4096K, 0% used [0x00000000ec800000,0x00000000ec800000,0x00000000ecc00000)
 ParOldGen       total 68608K, used 16K [0x00000000c0000000, 0x00000000c4300000, 0x00000000eab00000)
  object space 68608K, 0% used [0x00000000c0000000,0x00000000c0004000,0x00000000c4300000)
 Metaspace       used 4769K, committed 4928K, reserved 1114112K
  class space    used 453K, committed 512K, reserved 1048576K
}
Event: 3.450 GC heap before
{Heap before GC invocations=2 (full 0):
 PSYoungGen      total 29696K, used 28756K [0x00000000eab00000, 0x00000000ecc00000, 0x0000000100000000)
  eden space 25600K, 100% used [0x00000000eab00000,0x00000000ec400000,0x00000000ec400000)
  from space 4096K, 77% used [0x00000000ec400000,0x00000000ec7152d0,0x00000000ec800000)
  to   space 4096K, 0% used [0x00000000ec800000,0x00000000ec800000,0x00000000ecc00000)
 ParOldGen       total 68608K, used 16K [0x00000000c0000000, 0x00000000c4300000, 0x00000000eab00000)
  object space 68608K, 0% used [0x00000000c0000000,0x00000000c0004000,0x00000000c4300000)
 Metaspace       used 8168K, committed 8384K, reserved 1114112K
  class space    used 788K, committed 896K, reserved 1048576K
}
Event: 3.455 GC heap after
{Heap after GC invocations=2 (full 0):
 PSYoungGen      total 29696K, used 4083K [0x00000000eab00000, 0x00000000ecc00000, 0x0000000100000000)
  eden space 25600K, 0% used [0x00000000eab00000,0x00000000eab00000,0x00000000ec400000)
  from space 4096K, 99% used [0x00000000ec800000,0x00000000ecbfcfa0,0x00000000ecc00000)
  to   space 4096K, 0% used [0x00000000ec400000,0x00000000ec400000,0x00000000ec800000)
 ParOldGen       total 68608K, used 1283K [0x00000000c0000000, 0x00000000c4300000, 0x00000000eab00000)
  object space 68608K, 1% used [0x00000000c0000000,0x00000000c0140c28,0x00000000c4300000)
 Metaspace       used 8168K, committed 8384K, reserved 1114112K
  class space    used 788K, committed 896K, reserved 1048576K
}
Event: 4.742 GC heap before
{Heap before GC invocations=3 (full 0):
 PSYoungGen      total 29696K, used 29683K [0x00000000eab00000, 0x00000000ecc00000, 0x0000000100000000)
  eden space 25600K, 100% used [0x00000000eab00000,0x00000000ec400000,0x00000000ec400000)
  from space 4096K, 99% used [0x00000000ec800000,0x00000000ecbfcfa0,0x00000000ecc00000)
  to   space 4096K, 0% used [0x00000000ec400000,0x00000000ec400000,0x00000000ec800000)
 ParOldGen       total 68608K, used 1283K [0x00000000c0000000, 0x00000000c4300000, 0x00000000eab00000)
  object space 68608K, 1% used [0x00000000c0000000,0x00000000c0140c28,0x00000000c4300000)
 Metaspace       used 9499K, committed 9856K, reserved 1114112K
  class space    used 931K, committed 1088K, reserved 1048576K
}
Event: 4.747 GC heap after
{Heap after GC invocations=3 (full 0):
 PSYoungGen      total 29696K, used 4072K [0x00000000eab00000, 0x00000000ecc00000, 0x0000000100000000)
  eden space 25600K, 0% used [0x00000000eab00000,0x00000000eab00000,0x00000000ec400000)
  from space 4096K, 99% used [0x00000000ec400000,0x00000000ec7fa2a0,0x00000000ec800000)
  to   space 4096K, 0% used [0x00000000ec800000,0x00000000ec800000,0x00000000ecc00000)
 ParOldGen       total 68608K, used 5324K [0x00000000c0000000, 0x00000000c4300000, 0x00000000eab00000)
  object space 68608K, 7% used [0x00000000c0000000,0x00000000c05331e8,0x00000000c4300000)
 Metaspace       used 9499K, committed 9856K, reserved 1114112K
  class space    used 931K, committed 1088K, reserved 1048576K
}
Event: 5.067 GC heap before
{Heap before GC invocations=4 (full 0):
 PSYoungGen      total 29696K, used 29672K [0x00000000eab00000, 0x00000000ecc00000, 0x0000000100000000)
  eden space 25600K, 100% used [0x00000000eab00000,0x00000000ec400000,0x00000000ec400000)
  from space 4096K, 99% used [0x00000000ec400000,0x00000000ec7fa2a0,0x00000000ec800000)
  to   space 4096K, 0% used [0x00000000ec800000,0x00000000ec800000,0x00000000ecc00000)
 ParOldGen       total 68608K, used 5324K [0x00000000c0000000, 0x00000000c4300000, 0x00000000eab00000)
  object space 68608K, 7% used [0x00000000c0000000,0x00000000c05331e8,0x00000000c4300000)
 Metaspace       used 13184K, committed 13632K, reserved 1114112K
  class space    used 1290K, committed 1472K, reserved 1048576K
}
Event: 5.070 GC heap after
{Heap after GC invocations=4 (full 0):
 PSYoungGen      total 29696K, used 4083K [0x00000000eab00000, 0x00000000ecc00000, 0x0000000100000000)
  eden space 25600K, 0% used [0x00000000eab00000,0x00000000eab00000,0x00000000ec400000)
  from space 4096K, 99% used [0x00000000ec800000,0x00000000ecbfcea8,0x00000000ecc00000)
  to   space 4096K, 0% used [0x00000000ec400000,0x00000000ec400000,0x00000000ec800000)
 ParOldGen       total 68608K, used 7059K [0x00000000c0000000, 0x00000000c4300000, 0x00000000eab00000)
  object space 68608K, 10% used [0x00000000c0000000,0x00000000c06e4ed0,0x00000000c4300000)
 Metaspace       used 13184K, committed 13632K, reserved 1114112K
  class space    used 1290K, committed 1472K, reserved 1048576K
}

Deoptimization events (20 events):
Event: 4.936 Thread 0x0000026f7f9b1240 DEOPT PACKING pc=0x0000026f00458466 sp=0x000000be0d6f81f0
Event: 4.936 Thread 0x0000026f7f9b1240 DEOPT UNPACKING pc=0x0000026f07582843 sp=0x000000be0d6f76b0 mode 0
Event: 4.940 Thread 0x0000026f7f9b1240 DEOPT PACKING pc=0x0000026f00458466 sp=0x000000be0d6f8570
Event: 4.940 Thread 0x0000026f7f9b1240 DEOPT UNPACKING pc=0x0000026f07582843 sp=0x000000be0d6f7a30 mode 0
Event: 4.982 Thread 0x0000026f7f9b1240 Uncommon trap: trap_request=0xffffff45 fr.pc=0x0000026f07bc4ef0 relative=0x0000000000000430
Event: 4.982 Thread 0x0000026f7f9b1240 Uncommon trap: reason=unstable_if action=reinterpret pc=0x0000026f07bc4ef0 method=com.sun.org.apache.xerces.internal.impl.XMLEntityScanner.scanLiteral(ILcom/sun/org/apache/xerces/internal/xni/XMLString;Z)I @ 299 c2
Event: 4.982 Thread 0x0000026f7f9b1240 DEOPT PACKING pc=0x0000026f07bc4ef0 sp=0x000000be0d6fd510
Event: 4.982 Thread 0x0000026f7f9b1240 DEOPT UNPACKING pc=0x0000026f075820a3 sp=0x000000be0d6fd4a0 mode 2
Event: 5.005 Thread 0x0000026f7f9b1240 Uncommon trap: trap_request=0xffffffcc fr.pc=0x0000026f07bd1ea4 relative=0x0000000000000204
Event: 5.005 Thread 0x0000026f7f9b1240 Uncommon trap: reason=intrinsic_or_type_checked_inlining action=make_not_entrant pc=0x0000026f07bd1ea4 method=java.util.Arrays.copyOf([Ljava/lang/Object;ILjava/lang/Class;)[Ljava/lang/Object; @ 35 c2
Event: 5.005 Thread 0x0000026f7f9b1240 DEOPT PACKING pc=0x0000026f07bd1ea4 sp=0x000000be0d6fdb40
Event: 5.005 Thread 0x0000026f7f9b1240 DEOPT UNPACKING pc=0x0000026f075820a3 sp=0x000000be0d6fdad0 mode 2
Event: 5.097 Thread 0x0000026f7f9b1240 Uncommon trap: trap_request=0xffffffc6 fr.pc=0x0000026f07bae830 relative=0x0000000000000e10
Event: 5.097 Thread 0x0000026f7f9b1240 Uncommon trap: reason=bimorphic_or_optimized_type_check action=maybe_recompile pc=0x0000026f07bae830 method=java.util.Properties$LineReader.readLine()I @ 479 c2
Event: 5.097 Thread 0x0000026f7f9b1240 DEOPT PACKING pc=0x0000026f07bae830 sp=0x000000be0d6f8b80
Event: 5.097 Thread 0x0000026f7f9b1240 DEOPT UNPACKING pc=0x0000026f075820a3 sp=0x000000be0d6f8b10 mode 2
Event: 5.103 Thread 0x0000026f7f9b1240 Uncommon trap: trap_request=0xffffff45 fr.pc=0x0000026f07b08aec relative=0x0000000000000c4c
Event: 5.103 Thread 0x0000026f7f9b1240 Uncommon trap: reason=unstable_if action=reinterpret pc=0x0000026f07b08aec method=lombok.patcher.PatchScript.classMatches(Ljava/lang/String;Ljava/util/Collection;)Z @ 25 c2
Event: 5.103 Thread 0x0000026f7f9b1240 DEOPT PACKING pc=0x0000026f07b08aec sp=0x000000be0d6f6d40
Event: 5.103 Thread 0x0000026f7f9b1240 DEOPT UNPACKING pc=0x0000026f075820a3 sp=0x000000be0d6f6d00 mode 2

Classes unloaded (0 events):
No events

Classes redefined (0 events):
No events

Internal exceptions (20 events):
Event: 1.684 Thread 0x0000026f6fab6da0 Exception <a 'java/lang/NoSuchMethodError'{0x00000000eab1f6e0}: 'java.lang.Object java.lang.invoke.DirectMethodHandle$Holder.invokeInterface(java.lang.Object, java.lang.Object)'> (0x00000000eab1f6e0) 
thrown [s\open\src\hotspot\share\interpreter\linkResolver.cpp, line 759]
Event: 1.684 Thread 0x0000026f6fab6da0 Exception <a 'java/lang/IncompatibleClassChangeError'{0x00000000eab22ed8}: Found class java.lang.Object, but interface was expected> (0x00000000eab22ed8) 
thrown [s\open\src\hotspot\share\interpreter\linkResolver.cpp, line 826]
Event: 1.684 Thread 0x0000026f6fab6da0 Exception <a 'java/lang/NoSuchMethodError'{0x00000000eab275f8}: 'void java.lang.invoke.DirectMethodHandle$Holder.invokeStatic(java.lang.Object, java.lang.Object)'> (0x00000000eab275f8) 
thrown [s\open\src\hotspot\share\interpreter\linkResolver.cpp, line 759]
Event: 1.685 Thread 0x0000026f6fab6da0 Exception <a 'java/lang/NoSuchMethodError'{0x00000000eab2af10}: 'void java.lang.invoke.DirectMethodHandle$Holder.invokeStaticInit(java.lang.Object, java.lang.Object)'> (0x00000000eab2af10) 
thrown [s\open\src\hotspot\share\interpreter\linkResolver.cpp, line 759]
Event: 1.686 Thread 0x0000026f6fab6da0 Exception <a 'java/lang/NoSuchMethodError'{0x00000000eab32860}: 'int java.lang.invoke.DirectMethodHandle$Holder.invokeStaticInit(java.lang.Object, java.lang.Object)'> (0x00000000eab32860) 
thrown [s\open\src\hotspot\share\interpreter\linkResolver.cpp, line 759]
Event: 1.747 Thread 0x0000026f6fab6da0 Exception <a 'java/lang/NoSuchMethodError'{0x00000000eacba398}: 'void java.lang.invoke.DirectMethodHandle$Holder.invokeSpecial(java.lang.Object, java.lang.Object, java.lang.Object)'> (0x00000000eacba398) 
thrown [s\open\src\hotspot\share\interpreter\linkResolver.cpp, line 759]
Event: 2.002 Thread 0x0000026f6fab6da0 Exception <a 'java/lang/NoSuchMethodError'{0x00000000eba4b9b0}: 'java.lang.Object java.lang.invoke.DirectMethodHandle$Holder.newInvokeSpecial(java.lang.Object, int, java.lang.Object)'> (0x00000000eba4b9b0) 
thrown [s\open\src\hotspot\share\interpreter\linkResolver.cpp, line 759]
Event: 3.397 Thread 0x0000026f6fab6da0 Exception <a 'java/lang/UnsatisfiedLinkError'{0x00000000ec044ac8}: 'void org.eclipse.equinox.launcher.JNIBridge._update_splash()'> (0x00000000ec044ac8) 
thrown [s\open\src\hotspot\share\prims\nativeLookup.cpp, line 543]
Event: 3.444 Thread 0x0000026f7f9b1240 Exception <a 'java/lang/NoSuchMethodError'{0x00000000ec3b6520}: 'java.lang.Object java.lang.invoke.DirectMethodHandle$Holder.invokeStaticInit(java.lang.Object)'> (0x00000000ec3b6520) 
thrown [s\open\src\hotspot\share\interpreter\linkResolver.cpp, line 759]
Event: 3.463 Thread 0x0000026f7f9b1240 Exception <a 'java/lang/NoSuchMethodError'{0x00000000eac1f678}: 'java.lang.Object java.lang.invoke.DirectMethodHandle$Holder.newInvokeSpecial(java.lang.Object, java.lang.Object, int, java.lang.Object)'> (0x00000000eac1f678) 
thrown [s\open\src\hotspot\share\interpreter\linkResolver.cpp, line 759]
Event: 3.463 Thread 0x0000026f7f9b1240 Exception <a 'java/lang/NoSuchMethodError'{0x00000000eac23960}: 'java.lang.Object java.lang.invoke.DirectMethodHandle$Holder.invokeSpecial(java.lang.Object, java.lang.Object, java.lang.Object, int, java.lang.Object)'> (0x00000000eac23960) 
thrown [s\open\src\hotspot\share\interpreter\linkResolver.cpp, line 759]
Event: 3.500 Thread 0x0000026f7f9b1240 Exception <a 'java/lang/NoSuchMethodError'{0x00000000eadcad50}: 'java.lang.Object java.lang.invoke.DirectMethodHandle$Holder.invokeStatic(java.lang.Object, int, java.lang.Object)'> (0x00000000eadcad50) 
thrown [s\open\src\hotspot\share\interpreter\linkResolver.cpp, line 759]
Event: 3.521 Thread 0x0000026f7f9b1240 Exception <a 'java/lang/ClassNotFoundException'{0x00000000eae9c428}: sun/util/logging/resources/spi/loggingProvider> (0x00000000eae9c428) 
thrown [s\open\src\hotspot\share\classfile\systemDictionary.cpp, line 256]
Event: 4.729 Thread 0x0000026f7f9b1240 Exception <a 'java/lang/NullPointerException'{0x00000000ec30ab80}> (0x00000000ec30ab80) 
thrown [s\open\src\hotspot\share\interpreter\linkResolver.cpp, line 1350]
Event: 4.729 Thread 0x0000026f7f9b1240 Exception <a 'java/lang/NullPointerException'{0x00000000ec30ae58}> (0x00000000ec30ae58) 
thrown [s\open\src\hotspot\share\interpreter\linkResolver.cpp, line 1350]
Event: 4.967 Thread 0x0000026f7f9b1240 Exception <a 'java/io/FileNotFoundException'{0x00000000ebbd4e20}> (0x00000000ebbd4e20) 
thrown [s\open\src\hotspot\share\prims\jni.cpp, line 516]
Event: 5.017 Thread 0x0000026f7f9b1240 Exception <a 'java/lang/NoSuchMethodError'{0x00000000ebf5d780}: 'java.lang.Object java.lang.invoke.Invokers$Holder.invokeExact_MT(java.lang.Object, java.lang.Object, java.lang.Object, java.lang.Object, java.lang.Object, java.lang.Object)'> (0x00000000ebf5d780) 
thrown [s\open\src\hotspot\share\interpreter\linkResolver.cpp, line 759]
Event: 5.038 Thread 0x0000026f7f9b1240 Exception <a 'java/lang/NoSuchMethodError'{0x00000000ec092258}: 'java.lang.Object java.lang.invoke.Invokers$Holder.linkToTargetMethod(java.lang.Object, long, java.lang.Object)'> (0x00000000ec092258) 
thrown [s\open\src\hotspot\share\interpreter\linkResolver.cpp, line 759]
Event: 5.061 Thread 0x0000026f7f9b1240 Exception <a 'java/lang/NoSuchMethodError'{0x00000000ec3a0b78}: 'void java.lang.invoke.DirectMethodHandle$Holder.invokeInterface(java.lang.Object, java.lang.Object, java.lang.Object)'> (0x00000000ec3a0b78) 
thrown [s\open\src\hotspot\share\interpreter\linkResolver.cpp, line 759]
Event: 5.099 Thread 0x0000026f7f9b1240 Exception <a 'java/lang/NoSuchMethodError'{0x00000000eae45d10}: 'void java.lang.invoke.DirectMethodHandle$Holder.invokeVirtual(java.lang.Object, java.lang.Object)'> (0x00000000eae45d10) 
thrown [s\open\src\hotspot\share\interpreter\linkResolver.cpp, line 759]

VM Operations (20 events):
Event: 3.450 Executing VM operation: ParallelGCFailedAllocation
Event: 3.455 Executing VM operation: ParallelGCFailedAllocation done
Event: 3.492 Executing VM operation: HandshakeAllThreads
Event: 3.492 Executing VM operation: HandshakeAllThreads done
Event: 3.532 Executing VM operation: HandshakeAllThreads
Event: 3.532 Executing VM operation: HandshakeAllThreads done
Event: 3.546 Executing VM operation: HandshakeAllThreads
Event: 3.546 Executing VM operation: HandshakeAllThreads done
Event: 3.555 Executing VM operation: HandshakeAllThreads
Event: 3.555 Executing VM operation: HandshakeAllThreads done
Event: 4.561 Executing VM operation: Cleanup
Event: 4.561 Executing VM operation: Cleanup done
Event: 4.726 Executing VM operation: HandshakeAllThreads
Event: 4.726 Executing VM operation: HandshakeAllThreads done
Event: 4.742 Executing VM operation: ParallelGCFailedAllocation
Event: 4.747 Executing VM operation: ParallelGCFailedAllocation done
Event: 5.066 Executing VM operation: ParallelGCFailedAllocation
Event: 5.070 Executing VM operation: ParallelGCFailedAllocation done
Event: 5.111 Executing VM operation: HandshakeAllThreads
Event: 5.111 Executing VM operation: HandshakeAllThreads done

Events (20 events):
Event: 5.062 loading class java/lang/invoke/MethodHandle$1 done
Event: 5.071 Thread 0x0000026f501b8ef0 Thread added: 0x0000026f501b8ef0
Event: 5.072 loading class java/net/URISyntaxException
Event: 5.072 loading class java/net/URISyntaxException done
Event: 5.093 loading class java/lang/AbstractMethodError
Event: 5.093 loading class java/lang/AbstractMethodError done
Event: 5.107 loading class jdk/internal/reflect/UnsafeQualifiedObjectFieldAccessorImpl
Event: 5.107 loading class jdk/internal/reflect/UnsafeQualifiedFieldAccessorImpl
Event: 5.108 loading class jdk/internal/reflect/UnsafeQualifiedFieldAccessorImpl done
Event: 5.108 loading class jdk/internal/reflect/UnsafeQualifiedObjectFieldAccessorImpl done
Event: 5.108 loading class java/io/ObjectInputStream
Event: 5.108 loading class java/io/ObjectInput
Event: 5.108 loading class java/io/ObjectInput done
Event: 5.109 loading class java/io/ObjectStreamConstants
Event: 5.109 loading class java/io/ObjectStreamConstants done
Event: 5.109 loading class java/io/ObjectInputStream done
Event: 5.109 loading class java/io/ObjectOutputStream
Event: 5.109 loading class java/io/ObjectOutput
Event: 5.109 loading class java/io/ObjectOutput done
Event: 5.109 loading class java/io/ObjectOutputStream done


Dynamic libraries:
0x00007ff67a9d0000 - 0x00007ff67a9e0000 	D:\Tools\windows\javastuff\jdk-17.0.8\bin\java.exe
0x00007ffac2d10000 - 0x00007ffac2f08000 	C:\Windows\SYSTEM32\ntdll.dll
0x00007ffac2900000 - 0x00007ffac29c1000 	C:\Windows\System32\KERNEL32.DLL
0x00007ffac04e0000 - 0x00007ffac07dd000 	C:\Windows\System32\KERNELBASE.dll
0x00007ffabd510000 - 0x00007ffabd5a4000 	C:\Windows\SYSTEM32\apphelp.dll
0x00007ffac0960000 - 0x00007ffac0a60000 	C:\Windows\System32\ucrtbase.dll
0x00007ffab7bd0000 - 0x00007ffab7be9000 	D:\Tools\windows\javastuff\jdk-17.0.8\bin\jli.dll
0x00007ffac1690000 - 0x00007ffac1740000 	C:\Windows\System32\ADVAPI32.dll
0x00007ffac1fa0000 - 0x00007ffac203e000 	C:\Windows\System32\msvcrt.dll
0x00007ffab2ad0000 - 0x00007ffab2aeb000 	D:\Tools\windows\javastuff\jdk-17.0.8\bin\VCRUNTIME140.dll
0x00007ffac2170000 - 0x00007ffac2210000 	C:\Windows\System32\sechost.dll
0x00007ffac1560000 - 0x00007ffac1683000 	C:\Windows\System32\RPCRT4.dll
0x00007ffac07e0000 - 0x00007ffac0807000 	C:\Windows\System32\bcrypt.dll
0x00007ffac0e60000 - 0x00007ffac0ffd000 	C:\Windows\System32\USER32.dll
0x00007ffac0d10000 - 0x00007ffac0d32000 	C:\Windows\System32\win32u.dll
0x00007ffac10c0000 - 0x00007ffac10eb000 	C:\Windows\System32\GDI32.dll
0x00007ffa92300000 - 0x00007ffa9259a000 	C:\Windows\WinSxS\amd64_microsoft.windows.common-controls_6595b64144ccf1df_6.0.19041.4355_none_60b8b9eb71f62e16\COMCTL32.dll
0x00007ffac03c0000 - 0x00007ffac04d7000 	C:\Windows\System32\gdi32full.dll
0x00007ffac0810000 - 0x00007ffac08ad000 	C:\Windows\System32\msvcp_win.dll
0x00007ffaba950000 - 0x00007ffaba95a000 	C:\Windows\SYSTEM32\VERSION.dll
0x00007ffac0e30000 - 0x00007ffac0e5f000 	C:\Windows\System32\IMM32.DLL
0x00007ffabd6e0000 - 0x00007ffabd6ec000 	D:\Tools\windows\javastuff\jdk-17.0.8\bin\vcruntime140_1.dll
0x00007ffab1f70000 - 0x00007ffab1ffe000 	D:\Tools\windows\javastuff\jdk-17.0.8\bin\msvcp140.dll
0x00007ffa729c0000 - 0x00007ffa7359e000 	D:\Tools\windows\javastuff\jdk-17.0.8\bin\server\jvm.dll
0x00007ffac1000000 - 0x00007ffac1008000 	C:\Windows\System32\PSAPI.DLL
0x00007ffaabd70000 - 0x00007ffaabd79000 	C:\Windows\SYSTEM32\WSOCK32.dll
0x00007ffaabd80000 - 0x00007ffaabda7000 	C:\Windows\SYSTEM32\WINMM.dll
0x00007ffac2b30000 - 0x00007ffac2b9b000 	C:\Windows\System32\WS2_32.dll
0x00007ffabe080000 - 0x00007ffabe092000 	C:\Windows\SYSTEM32\kernel.appcore.dll
0x00007ffabd6c0000 - 0x00007ffabd6ca000 	D:\Tools\windows\javastuff\jdk-17.0.8\bin\jimage.dll
0x00007ffaac900000 - 0x00007ffaacae4000 	C:\Windows\SYSTEM32\DBGHELP.DLL
0x00007ffaabee0000 - 0x00007ffaabf14000 	C:\Windows\SYSTEM32\dbgcore.DLL
0x00007ffac0a60000 - 0x00007ffac0ae2000 	C:\Windows\System32\bcryptPrimitives.dll
0x00007ffaba930000 - 0x00007ffaba93e000 	D:\Tools\windows\javastuff\jdk-17.0.8\bin\instrument.dll
0x00007ffab1f40000 - 0x00007ffab1f65000 	D:\Tools\windows\javastuff\jdk-17.0.8\bin\java.dll
0x00007ffa8b9a0000 - 0x00007ffa8ba77000 	D:\Tools\windows\javastuff\jdk-17.0.8\bin\jsvml.dll
0x00007ffac17a0000 - 0x00007ffac1f0f000 	C:\Windows\System32\SHELL32.dll
0x00007ffabe280000 - 0x00007ffabea1f000 	C:\Windows\SYSTEM32\windows.storage.dll
0x00007ffac2490000 - 0x00007ffac27e3000 	C:\Windows\System32\combase.dll
0x00007ffabfd10000 - 0x00007ffabfd3e000 	C:\Windows\SYSTEM32\Wldp.dll
0x00007ffac23c0000 - 0x00007ffac248d000 	C:\Windows\System32\OLEAUT32.dll
0x00007ffac2850000 - 0x00007ffac28fd000 	C:\Windows\System32\SHCORE.dll
0x00007ffac0d40000 - 0x00007ffac0d95000 	C:\Windows\System32\shlwapi.dll
0x00007ffac02f0000 - 0x00007ffac0314000 	C:\Windows\SYSTEM32\profapi.dll
0x00007ffab27c0000 - 0x00007ffab27d8000 	D:\Tools\windows\javastuff\jdk-17.0.8\bin\zip.dll
0x00007ffab1f20000 - 0x00007ffab1f39000 	D:\Tools\windows\javastuff\jdk-17.0.8\bin\net.dll
0x00007ffaba5e0000 - 0x00007ffaba6ed000 	C:\Windows\SYSTEM32\WINHTTP.dll
0x00007ffabfa70000 - 0x00007ffabfada000 	C:\Windows\system32\mswsock.dll
0x00007ffab1f00000 - 0x00007ffab1f16000 	D:\Tools\windows\javastuff\jdk-17.0.8\bin\nio.dll
0x00007ffaba760000 - 0x00007ffaba770000 	D:\Tools\windows\javastuff\jdk-17.0.8\bin\verify.dll
0x00007ffab28e0000 - 0x00007ffab2925000 	D:\Tools\windows\VSCode\data\user-data\User\globalStorage\redhat.java\1.34.0\config_win\org.eclipse.equinox.launcher\org.eclipse.equinox.launcher.win32.win32.x86_64_1.2.1100.v20240722-2106\eclipse_11904.dll
0x00007ffac2040000 - 0x00007ffac216b000 	C:\Windows\System32\ole32.dll

dbghelp: loaded successfully - version: 4.0.5 - missing functions: none
symbol engine: initialized successfully - sym options: 0x614 - pdb path: .;D:\Tools\windows\javastuff\jdk-17.0.8\bin;C:\Windows\SYSTEM32;C:\Windows\WinSxS\amd64_microsoft.windows.common-controls_6595b64144ccf1df_6.0.19041.4355_none_60b8b9eb71f62e16;D:\Tools\windows\javastuff\jdk-17.0.8\bin\server;D:\Tools\windows\VSCode\data\user-data\User\globalStorage\redhat.java\1.34.0\config_win\org.eclipse.equinox.launcher\org.eclipse.equinox.launcher.win32.win32.x86_64_1.2.1100.v20240722-2106

VM Arguments:
jvm_args: --add-modules=ALL-SYSTEM --add-opens=java.base/java.util=ALL-UNNAMED --add-opens=java.base/java.lang=ALL-UNNAMED --add-opens=java.base/sun.nio.fs=ALL-UNNAMED -Declipse.application=org.eclipse.jdt.ls.core.id1 -Dosgi.bundles.defaultStartLevel=4 -Declipse.product=org.eclipse.jdt.ls.core.product -Djava.import.generatesMetadataFilesAtProjectRoot=false -DDetectVMInstallationsJob.disabled=true -Dfile.encoding=utf8 -XX:+UseParallelGC -XX:GCTimeRatio=4 -XX:AdaptiveSizePolicyWeight=90 -Dsun.zip.disableMemoryMapping=true -Xmx1G -Xms100m -Xlog:disable -javaagent:d:\Tools\windows\VSCode\data\extensions\redhat.java-1.34.0-win32-x64\lombok\lombok-1.18.33.jar -XX:+HeapDumpOnOutOfMemoryError -XX:HeapDumpPath=d:\Tools\windows\VSCode\data\user-data\User\workspaceStorage\9d72912263f0dbc7ac7b23c52daac2f8\redhat.java -Daether.dependencyCollector.impl=bf 
java_command: d:\Tools\windows\VSCode\data\extensions\redhat.java-1.34.0-win32-x64\server\plugins\org.eclipse.equinox.launcher_1.6.900.v20240613-2009.jar -configuration d:\Tools\windows\VSCode\data\user-data\User\globalStorage\redhat.java\1.34.0\config_win -data d:\Tools\windows\VSCode\data\user-data\User\workspaceStorage\9d72912263f0dbc7ac7b23c52daac2f8\redhat.java\jdt_ws --pipe=\\.\pipe\lsp-c32e62047110d318b8cf42e6c3689d83-sock
java_class_path (initial): d:\Tools\windows\VSCode\data\extensions\redhat.java-1.34.0-win32-x64\server\plugins\org.eclipse.equinox.launcher_1.6.900.v20240613-2009.jar
Launcher Type: SUN_STANDARD

[Global flags]
    uintx AdaptiveSizePolicyWeight                 = 90                                        {product} {command line}
     intx CICompilerCount                          = 3                                         {product} {ergonomic}
    uintx GCTimeRatio                              = 4                                         {product} {command line}
     bool HeapDumpOnOutOfMemoryError               = true                                   {manageable} {command line}
    ccstr HeapDumpPath                             = d:\Tools\windows\VSCode\data\user-data\User\workspaceStorage\9d72912263f0dbc7ac7b23c52daac2f8\redhat.java         {manageable} {command line}
   size_t InitialHeapSize                          = 104857600                                 {product} {command line}
   size_t MaxHeapSize                              = 1073741824                                {product} {command line}
   size_t MaxNewSize                               = 357564416                                 {product} {ergonomic}
   size_t MinHeapDeltaBytes                        = 524288                                    {product} {ergonomic}
   size_t MinHeapSize                              = 104857600                                 {product} {command line}
   size_t NewSize                                  = 34603008                                  {product} {ergonomic}
    uintx NonNMethodCodeHeapSize                   = 5832780                                {pd product} {ergonomic}
    uintx NonProfiledCodeHeapSize                  = 122912730                              {pd product} {ergonomic}
   size_t OldSize                                  = 70254592                                  {product} {ergonomic}
    uintx ProfiledCodeHeapSize                     = 122912730                              {pd product} {ergonomic}
    uintx ReservedCodeCacheSize                    = 251658240                              {pd product} {ergonomic}
     bool SegmentedCodeCache                       = true                                      {product} {ergonomic}
   size_t SoftMaxHeapSize                          = 1073741824                             {manageable} {ergonomic}
     bool UseCompressedClassPointers               = true                           {product lp64_product} {ergonomic}
     bool UseCompressedOops                        = true                           {product lp64_product} {ergonomic}
     bool UseLargePagesIndividualAllocation        = false                                  {pd product} {ergonomic}
     bool UseParallelGC                            = true                                      {product} {command line}

Logging:
Log output configuration:
 #0: stdout all=off uptime,level,tags
 #1: stderr all=off uptime,level,tags

Environment Variables:
JAVA_HOME=C:\Program Files\Amazon Corretto\jdk1.8.0_392
PATH=C:\Program Files\Amazon Corretto\jdk1.8.0_392\bin;C:\Windows\system32;C:\Windows;C:\Windows\System32\Wbem;C:\Windows\System32\WindowsPowerShell\v1.0\;C:\Windows\System32\OpenSSH\;C:\Program Files\dotnet\;C:\Program Files (x86)\IVI Foundation\VISA\WinNT\Bin;C:\Program Files\PuTTY\;C:\Users\ferdinand.graef\AppData\Local\Microsoft\WindowsApps;
USERNAME=ferdinand.graef
OS=Windows_NT
PROCESSOR_IDENTIFIER=Intel64 Family 6 Model 158 Stepping 10, GenuineIntel



---------------  S Y S T E M  ---------------

OS:
 Windows 10 , 64 bit Build 19041 (10.0.19041.4717)
OS uptime: 0 days 0:54 hours

CPU: total 6 (initial active 6) (6 cores per cpu, 1 threads per core) family 6 model 158 stepping 10 microcode 0xca, cx8, cmov, fxsr, mmx, 3dnowpref, sse, sse2, sse3, ssse3, sse4.1, sse4.2, popcnt, lzcnt, tsc, tscinvbit, avx, avx2, aes, erms, clmul, bmi1, bmi2, adx, fma, vzeroupper, clflush, clflushopt

Memory: 4k page, system-wide physical 7964M (4530M free)
TotalPageFile size 9244M (AvailPageFile size 5802M)
current process WorkingSet (physical memory assigned to process): 111M, peak: 111M
current process commit charge ("private bytes"): 216M, peak: 216M

vm_info: Java HotSpot(TM) 64-Bit Server VM (17.0.8+9-LTS-211) for windows-amd64 JRE (17.0.8+9-LTS-211), built on Jun 14 2023 10:34:31 by "mach5one" with MS VC++ 17.1 (VS2022)

END.
